<?xml version="1.0" encoding="utf-8"?><testsuites name="pytest tests"><testsuite name="pytest" errors="0" failures="0" skipped="0" tests="27" time="21.063" timestamp="2026-03-09T17:09:50.567535-03:00" hostname="Milton"><testcase classname="test_suites.scripted.test_access_control.TestUnauthenticatedAccess" name="test_deviations_require_auth" time="0.079" /><testcase classname="test_suites.scripted.test_access_control.TestUnauthenticatedAccess" name="test_documents_require_auth" time="0.069" /><testcase classname="test_suites.scripted.test_access_control.TestUnauthenticatedAccess" name="test_dashboard_requires_auth" time="0.066" /><testcase classname="test_suites.scripted.test_access_control.TestOperatorRestrictions" name="test_operator_cannot_approve_deviation" time="0.529" /><testcase classname="test_suites.scripted.test_access_control.TestOperatorRestrictions" name="test_operator_cannot_create_document" time="0.495" /><testcase classname="test_suites.scripted.test_access_control.TestOperatorRestrictions" name="test_operator_cannot_close_capa" time="0.922" /><testcase classname="test_suites.scripted.test_access_control.TestQAPermissions" name="test_qa_can_approve_deviation" time="1.586" /><testcase classname="test_suites.scripted.test_access_control.TestQAPermissions" name="test_qa_can_view_all_records" time="0.517" /><testcase classname="test_suites.scripted.test_audit_trail.TestAuditTrailOnCreate" name="test_deviation_create_generates_audit" time="0.497" /><testcase classname="test_suites.scripted.test_audit_trail.TestAuditTrailOnUpdate" name="test_deviation_status_change_audited" time="0.923" /><testcase classname="test_suites.scripted.test_audit_trail.TestAuditTrailImmutability" name="test_no_delete_endpoint_for_audit_trail" time="0.487" /><testcase classname="test_suites.scripted.test_audit_trail.TestAuditTrailImmutability" name="test_no_put_endpoint_for_audit_trail" time="0.493" /><testcase classname="test_suites.scripted.test_capa_workflow.TestCAPAFullLifecycle" name="test_full_capa_lifecycle" time="1.153" /><testcase classname="test_suites.scripted.test_capa_workflow.TestCAPAValidation" name="test_capa_requires_existing_deviation" time="0.492" /><testcase classname="test_suites.scripted.test_capa_workflow.TestCAPAValidation" name="test_cannot_close_unimplemented_capa" time="1.135" /><testcase classname="test_suites.scripted.test_data_integrity.TestDataAttributability" name="test_deviation_tracks_reporter" time="0.519" /><testcase classname="test_suites.scripted.test_data_integrity.TestDataAttributability" name="test_batch_record_tracks_operator" time="0.501" /><testcase classname="test_suites.scripted.test_data_integrity.TestDataUniqueness" name="test_duplicate_batch_number_rejected" time="0.496" /><testcase classname="test_suites.scripted.test_data_integrity.TestDataAccuracy" name="test_deviation_status_transitions_correctly" time="1.590" /><testcase classname="test_suites.scripted.test_data_integrity.TestDataAccuracy" name="test_cannot_approve_deviation_not_pending" time="1.135" /><testcase classname="test_suites.scripted.test_deviation_workflow.TestDeviationFullLifecycle" name="test_full_deviation_lifecycle" time="1.552" /><testcase classname="test_suites.scripted.test_deviation_workflow.TestDeviationFullLifecycle" name="test_deviation_visible_in_list" time="0.501" /><testcase classname="test_suites.scripted.test_deviation_workflow.TestDeviationFullLifecycle" name="test_deviation_get_by_id" time="0.504" /><testcase classname="test_suites.scripted.test_deviation_workflow.TestDeviationFullLifecycle" name="test_nonexistent_deviation_returns_404" time="0.505" /><testcase classname="test_suites.scripted.test_electronic_signatures.TestESignatureEnforcement" name="test_deviation_approval_requires_esignature" time="1.562" /><testcase classname="test_suites.scripted.test_electronic_signatures.TestESignatureEnforcement" name="test_wrong_password_rejects_esignature" time="1.566" /><testcase classname="test_suites.scripted.test_electronic_signatures.TestESignatureOnDocuments" name="test_document_approval_with_esignature" time="1.144" /></testsuite></testsuites>